[2024-05-15 23:32:21.624] [info]  { enabled: null, showDevTools: false, mode: 'bottom' }
[2024-05-15 23:32:21.848] [info]  Saving backups to /home/marc/.config/superProductivity/backups
[2024-05-15 23:32:23.040] [info]  No custom styles detected at /home/marc/.config/superProductivity/styles.css
[2024-05-15 23:35:14.806] [info]  close, isQuiting: undefined
[2024-05-15 23:35:14.853] [info]  Actions to wait for  [ 'FINISH_DAY_BEFORE_CLOSE_EFFECT' ]
[2024-05-15 23:35:14.856] [info]  BEFORE_CLOSE_DONE FINISH_DAY_BEFORE_CLOSE_EFFECT []
[2024-05-15 23:35:14.857] [info]  close, isQuiting: undefined
[2024-05-15 23:35:14.861] [info]  close, isQuiting: true
[2024-05-15 23:35:14.869] [info]  Quit after all windows being closed
[2024-05-15 23:35:16.885] [info]  { enabled: null, showDevTools: false, mode: 'bottom' }
[2024-05-15 23:35:17.046] [info]  Saving backups to /home/marc/.config/superProductivity/backups
[2024-05-15 23:35:18.032] [info]  No custom styles detected at /home/marc/.config/superProductivity/styles.css
[2024-05-15 23:35:32.038] [info]  close, isQuiting: undefined
[2024-05-15 23:35:32.044] [info]  Actions to wait for  [ 'FINISH_DAY_BEFORE_CLOSE_EFFECT' ]
[2024-05-15 23:35:32.048] [info]  BEFORE_CLOSE_DONE FINISH_DAY_BEFORE_CLOSE_EFFECT []
[2024-05-15 23:35:32.049] [info]  close, isQuiting: undefined
[2024-05-15 23:35:32.051] [info]  close, isQuiting: true
[2024-05-15 23:35:32.055] [info]  Quit after all windows being closed
[2024-05-24 20:39:52.005] [info]  { enabled: null, showDevTools: false, mode: 'bottom' }
[2024-05-24 20:39:52.319] [info]  Saving backups to /home/marc/.config/superProductivity/backups
[2024-05-24 20:39:53.356] [info]  No custom styles detected at /home/marc/.config/superProductivity/styles.css
[2024-05-24 20:49:05.196] [info]  close, isQuiting: undefined
[2024-05-24 20:49:05.218] [info]  Actions to wait for  [ 'FINISH_DAY_BEFORE_CLOSE_EFFECT' ]
[2024-05-24 20:49:05.220] [info]  BEFORE_CLOSE_DONE FINISH_DAY_BEFORE_CLOSE_EFFECT []
[2024-05-24 20:49:05.221] [info]  close, isQuiting: undefined
[2024-05-24 20:49:05.223] [info]  close, isQuiting: true
[2024-05-24 20:49:05.226] [info]  Quit after all windows being closed
[2024-05-28 12:01:40.716] [info]  { enabled: null, showDevTools: false, mode: 'bottom' }
[2024-05-28 12:01:41.387] [info]  Saving backups to /home/marc/.config/superProductivity/backups
[2024-05-28 12:01:42.518] [info]  No custom styles detected at /home/marc/.config/superProductivity/styles.css
[2024-05-28 12:04:17.964] [info]  close, isQuiting: true
[2024-05-28 12:04:23.532] [info]  { enabled: null, showDevTools: false, mode: 'bottom' }
[2024-05-28 12:04:23.739] [info]  Saving backups to /home/marc/.config/superProductivity/backups
[2024-05-28 12:04:25.318] [info]  No custom styles detected at /home/marc/.config/superProductivity/styles.css
[2024-05-28 12:07:17.970] [info]  close, isQuiting: true
[2024-05-28 14:09:53.722] [info]  { enabled: null, showDevTools: false, mode: 'bottom' }
[2024-05-28 14:09:53.968] [info]  Saving backups to /home/marc/.config/superProductivity/backups
[2024-05-28 14:09:56.208] [info]  No custom styles detected at /home/marc/.config/superProductivity/styles.css
[2024-05-28 14:12:36.908] [info]  close, isQuiting: undefined
[2024-05-28 14:12:36.943] [info]  !crashed, reason: clean-exit, exitCode = 0
[2024-05-28 18:48:39.529] [info]  { enabled: null, showDevTools: false, mode: 'bottom' }
[2024-05-28 18:48:40.246] [info]  Saving backups to /home/marc/.config/superProductivity/backups
[2024-05-28 18:48:41.474] [info]  No custom styles detected at /home/marc/.config/superProductivity/styles.css
[2024-05-28 18:52:38.131] [info]  close, isQuiting: undefined
[2024-05-28 18:52:38.180] [info]  !crashed, reason: clean-exit, exitCode = 0
[2024-05-29 09:25:56.961] [info]  { enabled: null, showDevTools: false, mode: 'bottom' }
[2024-05-29 09:25:57.246] [info]  Saving backups to /home/marc/.config/superProductivity/backups
[2024-05-29 09:25:58.438] [info]  No custom styles detected at /home/marc/.config/superProductivity/styles.css
[2024-05-29 09:29:05.355] [warn]  getSettingsCb no callbacks left
[2024-05-29 09:29:05.367] [warn]  getSettingsCb no callbacks left
[2024-05-29 09:29:05.368] [warn]  getSettingsCb no callbacks left
[2024-05-29 09:29:05.369] [warn]  getSettingsCb no callbacks left
[2024-05-29 09:29:05.370] [warn]  getSettingsCb no callbacks left
[2024-05-29 09:29:05.371] [warn]  getSettingsCb no callbacks left
[2024-05-29 09:29:05.372] [warn]  getSettingsCb no callbacks left
[2024-05-29 09:29:05.373] [warn]  getSettingsCb no callbacks left
[2024-05-29 09:29:05.373] [warn]  getSettingsCb no callbacks left
[2024-05-29 09:29:05.374] [warn]  getSettingsCb no callbacks left
[2024-05-29 09:29:05.374] [warn]  getSettingsCb no callbacks left
[2024-05-29 09:29:05.375] [warn]  getSettingsCb no callbacks left
[2024-05-29 09:29:05.376] [warn]  getSettingsCb no callbacks left
[2024-05-29 09:29:05.377] [warn]  getSettingsCb no callbacks left
[2024-05-29 09:29:05.378] [warn]  getSettingsCb no callbacks left
[2024-05-29 09:29:05.378] [warn]  getSettingsCb no callbacks left
[2024-05-29 09:29:05.379] [warn]  getSettingsCb no callbacks left
[2024-05-29 09:29:05.380] [warn]  getSettingsCb no callbacks left
[2024-05-29 09:29:05.380] [warn]  getSettingsCb no callbacks left
[2024-05-29 09:29:05.381] [warn]  getSettingsCb no callbacks left
[2024-05-29 09:29:05.381] [warn]  getSettingsCb no callbacks left
[2024-05-29 09:29:05.382] [warn]  getSettingsCb no callbacks left
[2024-05-29 09:29:05.382] [warn]  getSettingsCb no callbacks left
[2024-05-29 09:29:05.383] [warn]  getSettingsCb no callbacks left
[2024-05-29 09:29:05.383] [warn]  getSettingsCb no callbacks left
[2024-05-29 09:29:05.384] [warn]  getSettingsCb no callbacks left
[2024-05-29 09:29:05.384] [warn]  getSettingsCb no callbacks left
[2024-05-29 09:29:05.385] [warn]  getSettingsCb no callbacks left
[2024-05-29 09:29:05.386] [warn]  getSettingsCb no callbacks left
[2024-05-29 09:29:05.386] [warn]  getSettingsCb no callbacks left
[2024-05-29 09:29:05.387] [warn]  getSettingsCb no callbacks left
[2024-05-29 09:29:05.387] [warn]  getSettingsCb no callbacks left
[2024-05-29 09:29:05.388] [warn]  getSettingsCb no callbacks left
[2024-05-29 09:29:05.388] [warn]  getSettingsCb no callbacks left
[2024-05-29 09:29:05.389] [warn]  getSettingsCb no callbacks left
[2024-05-29 09:29:05.390] [warn]  getSettingsCb no callbacks left
[2024-05-29 09:29:05.390] [warn]  getSettingsCb no callbacks left
[2024-05-29 09:29:05.391] [warn]  getSettingsCb no callbacks left
[2024-05-29 09:29:05.392] [warn]  getSettingsCb no callbacks left
[2024-05-29 09:29:05.392] [warn]  getSettingsCb no callbacks left
[2024-05-29 09:29:05.393] [warn]  getSettingsCb no callbacks left
[2024-05-29 09:29:05.394] [warn]  getSettingsCb no callbacks left
[2024-05-29 09:29:05.395] [warn]  getSettingsCb no callbacks left
[2024-05-29 09:29:05.395] [warn]  getSettingsCb no callbacks left
[2024-05-29 09:29:05.396] [warn]  getSettingsCb no callbacks left
[2024-05-29 09:29:05.396] [warn]  getSettingsCb no callbacks left
[2024-05-29 09:29:05.397] [warn]  getSettingsCb no callbacks left
[2024-05-29 09:29:05.397] [warn]  getSettingsCb no callbacks left
[2024-05-29 09:29:05.398] [warn]  getSettingsCb no callbacks left
[2024-05-29 09:29:05.399] [warn]  getSettingsCb no callbacks left
[2024-05-29 09:29:05.399] [warn]  getSettingsCb no callbacks left
[2024-05-29 09:29:05.400] [warn]  getSettingsCb no callbacks left
[2024-05-29 09:29:05.401] [warn]  getSettingsCb no callbacks left
[2024-05-29 09:29:05.402] [warn]  getSettingsCb no callbacks left
[2024-05-29 09:29:05.403] [warn]  getSettingsCb no callbacks left
[2024-05-29 09:29:05.404] [warn]  getSettingsCb no callbacks left
[2024-05-29 09:29:05.404] [warn]  getSettingsCb no callbacks left
[2024-05-29 09:29:05.405] [warn]  getSettingsCb no callbacks left
[2024-05-29 09:29:05.405] [warn]  getSettingsCb no callbacks left
[2024-05-29 09:29:05.405] [warn]  getSettingsCb no callbacks left
[2024-05-29 09:29:05.406] [warn]  getSettingsCb no callbacks left
[2024-05-29 09:29:05.406] [warn]  getSettingsCb no callbacks left
[2024-05-29 09:29:05.406] [warn]  getSettingsCb no callbacks left
[2024-05-29 09:29:05.407] [warn]  getSettingsCb no callbacks left
[2024-05-29 09:29:05.407] [warn]  getSettingsCb no callbacks left
[2024-05-29 09:29:05.408] [warn]  getSettingsCb no callbacks left
[2024-05-29 09:29:05.408] [warn]  getSettingsCb no callbacks left
[2024-05-29 09:29:05.409] [warn]  getSettingsCb no callbacks left
[2024-05-29 09:29:05.410] [warn]  getSettingsCb no callbacks left
[2024-05-29 09:29:05.411] [warn]  getSettingsCb no callbacks left
[2024-05-29 09:29:05.411] [warn]  getSettingsCb no callbacks left
[2024-05-29 09:29:05.412] [warn]  getSettingsCb no callbacks left
[2024-05-29 09:29:05.413] [warn]  getSettingsCb no callbacks left
[2024-05-29 09:29:05.413] [warn]  getSettingsCb no callbacks left
[2024-05-29 09:29:05.414] [warn]  getSettingsCb no callbacks left
[2024-05-29 09:29:05.415] [warn]  getSettingsCb no callbacks left
[2024-05-29 09:29:05.415] [warn]  getSettingsCb no callbacks left
[2024-05-29 09:29:05.416] [warn]  getSettingsCb no callbacks left
[2024-05-29 09:29:05.417] [warn]  getSettingsCb no callbacks left
[2024-05-29 09:29:05.417] [warn]  getSettingsCb no callbacks left
[2024-05-29 09:29:05.417] [warn]  getSettingsCb no callbacks left
[2024-05-29 09:29:05.418] [warn]  getSettingsCb no callbacks left
[2024-05-29 09:29:05.419] [warn]  getSettingsCb no callbacks left
[2024-05-29 09:29:05.419] [warn]  getSettingsCb no callbacks left
[2024-05-29 09:29:05.420] [warn]  getSettingsCb no callbacks left
[2024-05-29 09:29:05.420] [warn]  getSettingsCb no callbacks left
[2024-05-29 09:29:05.420] [warn]  getSettingsCb no callbacks left
[2024-05-29 09:29:05.421] [warn]  getSettingsCb no callbacks left
[2024-05-29 09:29:05.421] [warn]  getSettingsCb no callbacks left
[2024-05-29 09:29:05.422] [warn]  getSettingsCb no callbacks left
[2024-05-29 09:29:05.422] [warn]  getSettingsCb no callbacks left
[2024-05-29 09:29:05.423] [warn]  getSettingsCb no callbacks left
[2024-05-29 09:29:05.425] [warn]  getSettingsCb no callbacks left
[2024-05-29 09:29:05.426] [warn]  getSettingsCb no callbacks left
[2024-05-29 09:29:05.427] [warn]  getSettingsCb no callbacks left
[2024-05-29 09:29:05.427] [warn]  getSettingsCb no callbacks left
[2024-05-29 09:29:05.428] [warn]  getSettingsCb no callbacks left
[2024-05-29 09:29:05.429] [warn]  getSettingsCb no callbacks left
[2024-05-29 09:29:05.429] [warn]  getSettingsCb no callbacks left
[2024-05-29 09:29:05.430] [warn]  getSettingsCb no callbacks left
[2024-05-29 09:29:05.430] [warn]  getSettingsCb no callbacks left
[2024-05-29 09:29:05.431] [warn]  getSettingsCb no callbacks left
[2024-05-29 09:29:05.432] [warn]  getSettingsCb no callbacks left
[2024-05-29 09:29:05.433] [warn]  getSettingsCb no callbacks left
[2024-05-29 09:29:05.433] [warn]  getSettingsCb no callbacks left
[2024-05-29 09:29:05.433] [warn]  getSettingsCb no callbacks left
[2024-05-29 09:29:05.434] [warn]  getSettingsCb no callbacks left
[2024-05-29 09:29:05.434] [warn]  getSettingsCb no callbacks left
[2024-05-29 09:29:05.435] [warn]  getSettingsCb no callbacks left
[2024-05-29 09:29:05.435] [warn]  getSettingsCb no callbacks left
[2024-05-29 09:29:05.436] [warn]  getSettingsCb no callbacks left
[2024-05-29 09:29:05.436] [warn]  getSettingsCb no callbacks left
[2024-05-29 09:29:05.437] [warn]  getSettingsCb no callbacks left
[2024-05-29 09:29:05.437] [warn]  getSettingsCb no callbacks left
[2024-05-29 09:29:05.438] [warn]  getSettingsCb no callbacks left
[2024-05-29 09:29:05.438] [warn]  getSettingsCb no callbacks left
[2024-05-29 09:29:05.439] [warn]  getSettingsCb no callbacks left
[2024-05-29 09:29:05.439] [warn]  getSettingsCb no callbacks left
[2024-05-29 09:29:05.440] [warn]  getSettingsCb no callbacks left
[2024-05-29 09:29:05.441] [warn]  getSettingsCb no callbacks left
[2024-05-29 09:29:05.442] [warn]  getSettingsCb no callbacks left
[2024-05-29 09:29:05.443] [warn]  getSettingsCb no callbacks left
[2024-05-29 09:29:05.444] [warn]  getSettingsCb no callbacks left
[2024-05-29 09:29:05.444] [warn]  getSettingsCb no callbacks left
[2024-05-29 09:29:05.445] [warn]  getSettingsCb no callbacks left
[2024-05-29 09:29:05.445] [warn]  getSettingsCb no callbacks left
[2024-05-29 09:29:05.446] [warn]  getSettingsCb no callbacks left
[2024-05-29 09:29:05.447] [warn]  getSettingsCb no callbacks left
[2024-05-29 09:29:05.447] [warn]  getSettingsCb no callbacks left
[2024-05-29 09:29:05.448] [warn]  getSettingsCb no callbacks left
[2024-05-29 09:29:05.448] [warn]  getSettingsCb no callbacks left
[2024-05-29 09:29:05.448] [warn]  getSettingsCb no callbacks left
[2024-05-29 09:29:05.449] [warn]  getSettingsCb no callbacks left
[2024-05-29 09:29:05.449] [warn]  getSettingsCb no callbacks left
[2024-05-29 09:29:05.449] [warn]  getSettingsCb no callbacks left
[2024-05-29 09:29:05.450] [warn]  getSettingsCb no callbacks left
[2024-05-29 09:29:05.450] [warn]  getSettingsCb no callbacks left
[2024-05-29 09:29:05.451] [warn]  getSettingsCb no callbacks left
[2024-05-29 09:29:05.451] [warn]  getSettingsCb no callbacks left
[2024-05-29 09:29:05.451] [warn]  getSettingsCb no callbacks left
[2024-05-29 09:29:05.452] [warn]  getSettingsCb no callbacks left
[2024-05-29 09:29:05.452] [warn]  getSettingsCb no callbacks left
[2024-05-29 09:29:05.452] [warn]  getSettingsCb no callbacks left
[2024-05-29 09:29:05.453] [warn]  getSettingsCb no callbacks left
[2024-05-29 09:29:05.453] [warn]  getSettingsCb no callbacks left
[2024-05-29 09:29:05.453] [warn]  getSettingsCb no callbacks left
[2024-05-29 09:31:30.057] [warn]  getSettingsCb no callbacks left
[2024-05-29 09:31:30.059] [warn]  getSettingsCb no callbacks left
[2024-05-29 09:31:30.059] [warn]  getSettingsCb no callbacks left
[2024-05-29 09:31:30.060] [warn]  getSettingsCb no callbacks left
[2024-05-29 09:31:30.060] [warn]  getSettingsCb no callbacks left
[2024-05-29 09:31:30.061] [warn]  getSettingsCb no callbacks left
[2024-05-29 09:31:30.062] [warn]  getSettingsCb no callbacks left
[2024-05-29 09:31:30.062] [warn]  getSettingsCb no callbacks left
[2024-05-29 09:31:30.063] [warn]  getSettingsCb no callbacks left
[2024-05-29 09:31:30.064] [warn]  getSettingsCb no callbacks left
[2024-05-29 09:31:30.064] [warn]  getSettingsCb no callbacks left
[2024-05-29 09:31:30.065] [warn]  getSettingsCb no callbacks left
[2024-05-29 09:31:30.066] [warn]  getSettingsCb no callbacks left
[2024-05-29 09:31:30.067] [warn]  getSettingsCb no callbacks left
[2024-05-29 09:31:30.067] [warn]  getSettingsCb no callbacks left
[2024-05-29 09:31:30.068] [warn]  getSettingsCb no callbacks left
[2024-05-29 09:31:30.069] [warn]  getSettingsCb no callbacks left
[2024-05-29 09:31:30.069] [warn]  getSettingsCb no callbacks left
[2024-05-29 09:31:30.070] [warn]  getSettingsCb no callbacks left
[2024-05-29 09:31:30.070] [warn]  getSettingsCb no callbacks left
[2024-05-29 09:31:30.071] [warn]  getSettingsCb no callbacks left
[2024-05-29 09:31:30.072] [warn]  getSettingsCb no callbacks left
[2024-05-29 09:31:30.072] [warn]  getSettingsCb no callbacks left
[2024-05-29 09:31:30.073] [warn]  getSettingsCb no callbacks left
[2024-05-29 09:31:30.073] [warn]  getSettingsCb no callbacks left
[2024-05-29 09:31:30.074] [warn]  getSettingsCb no callbacks left
[2024-05-29 09:31:30.074] [warn]  getSettingsCb no callbacks left
[2024-05-29 09:31:30.075] [warn]  getSettingsCb no callbacks left
[2024-05-29 09:31:30.076] [warn]  getSettingsCb no callbacks left
[2024-05-29 09:31:30.076] [warn]  getSettingsCb no callbacks left
[2024-05-29 09:31:30.077] [warn]  getSettingsCb no callbacks left
[2024-05-29 09:31:30.078] [warn]  getSettingsCb no callbacks left
[2024-05-29 09:31:30.078] [warn]  getSettingsCb no callbacks left
[2024-05-29 09:31:30.079] [warn]  getSettingsCb no callbacks left
[2024-05-29 09:31:30.079] [warn]  getSettingsCb no callbacks left
[2024-05-29 09:31:30.080] [warn]  getSettingsCb no callbacks left
[2024-05-29 09:31:30.081] [warn]  getSettingsCb no callbacks left
[2024-05-29 09:31:30.081] [warn]  getSettingsCb no callbacks left
[2024-05-29 09:31:30.082] [warn]  getSettingsCb no callbacks left
[2024-05-29 09:31:30.083] [warn]  getSettingsCb no callbacks left
[2024-05-29 09:31:30.084] [warn]  getSettingsCb no callbacks left
[2024-05-29 09:31:30.085] [warn]  getSettingsCb no callbacks left
[2024-05-29 09:31:30.085] [warn]  getSettingsCb no callbacks left
[2024-05-29 09:31:30.086] [warn]  getSettingsCb no callbacks left
[2024-05-29 09:31:30.086] [warn]  getSettingsCb no callbacks left
[2024-05-29 09:31:30.087] [warn]  getSettingsCb no callbacks left
[2024-05-29 09:31:30.087] [warn]  getSettingsCb no callbacks left
[2024-05-29 09:31:30.088] [warn]  getSettingsCb no callbacks left
[2024-05-29 09:31:30.088] [warn]  getSettingsCb no callbacks left
[2024-05-29 09:31:30.089] [warn]  getSettingsCb no callbacks left
[2024-05-29 09:31:30.089] [warn]  getSettingsCb no callbacks left
[2024-05-29 09:31:30.090] [warn]  getSettingsCb no callbacks left
[2024-05-29 09:31:30.091] [warn]  getSettingsCb no callbacks left
[2024-05-29 09:31:30.092] [warn]  getSettingsCb no callbacks left
[2024-05-29 09:31:30.092] [warn]  getSettingsCb no callbacks left
[2024-05-29 09:31:30.093] [warn]  getSettingsCb no callbacks left
[2024-05-29 09:31:30.093] [warn]  getSettingsCb no callbacks left
[2024-05-29 09:31:30.094] [warn]  getSettingsCb no callbacks left
[2024-05-29 09:31:30.095] [warn]  getSettingsCb no callbacks left
[2024-05-29 09:31:30.096] [warn]  getSettingsCb no callbacks left
[2024-05-29 09:31:30.096] [warn]  getSettingsCb no callbacks left
[2024-05-29 09:31:30.097] [warn]  getSettingsCb no callbacks left
[2024-05-29 09:31:30.098] [warn]  getSettingsCb no callbacks left
[2024-05-29 09:31:30.099] [warn]  getSettingsCb no callbacks left
[2024-05-29 09:31:30.099] [warn]  getSettingsCb no callbacks left
[2024-05-29 09:31:30.100] [warn]  getSettingsCb no callbacks left
[2024-05-29 09:31:30.100] [warn]  getSettingsCb no callbacks left
[2024-05-29 09:31:30.101] [warn]  getSettingsCb no callbacks left
[2024-05-29 09:31:30.102] [warn]  getSettingsCb no callbacks left
[2024-05-29 09:31:30.102] [warn]  getSettingsCb no callbacks left
[2024-05-29 09:31:30.103] [warn]  getSettingsCb no callbacks left
[2024-05-29 09:31:30.103] [warn]  getSettingsCb no callbacks left
[2024-05-29 09:31:30.104] [warn]  getSettingsCb no callbacks left
[2024-05-29 09:31:30.105] [warn]  getSettingsCb no callbacks left
[2024-05-29 09:31:30.105] [warn]  getSettingsCb no callbacks left
[2024-05-29 09:31:30.106] [warn]  getSettingsCb no callbacks left
[2024-05-29 09:31:30.106] [warn]  getSettingsCb no callbacks left
[2024-05-29 09:31:30.107] [warn]  getSettingsCb no callbacks left
[2024-05-29 09:31:30.107] [warn]  getSettingsCb no callbacks left
[2024-05-29 09:31:30.108] [warn]  getSettingsCb no callbacks left
[2024-05-29 09:31:30.108] [warn]  getSettingsCb no callbacks left
[2024-05-29 09:31:30.109] [warn]  getSettingsCb no callbacks left
[2024-05-29 09:31:30.110] [warn]  getSettingsCb no callbacks left
[2024-05-29 09:31:30.110] [warn]  getSettingsCb no callbacks left
[2024-05-29 09:31:30.111] [warn]  getSettingsCb no callbacks left
[2024-05-29 09:31:30.111] [warn]  getSettingsCb no callbacks left
[2024-05-29 09:31:30.112] [warn]  getSettingsCb no callbacks left
[2024-05-29 09:31:30.112] [warn]  getSettingsCb no callbacks left
[2024-05-29 09:31:30.113] [warn]  getSettingsCb no callbacks left
[2024-05-29 09:31:30.114] [warn]  getSettingsCb no callbacks left
[2024-05-29 09:31:30.114] [warn]  getSettingsCb no callbacks left
[2024-05-29 09:31:30.115] [warn]  getSettingsCb no callbacks left
[2024-05-29 09:31:30.116] [warn]  getSettingsCb no callbacks left
[2024-05-29 09:31:30.116] [warn]  getSettingsCb no callbacks left
[2024-05-29 09:31:30.117] [warn]  getSettingsCb no callbacks left
[2024-05-29 09:31:30.117] [warn]  getSettingsCb no callbacks left
[2024-05-29 09:31:30.118] [warn]  getSettingsCb no callbacks left
[2024-05-29 09:31:30.118] [warn]  getSettingsCb no callbacks left
[2024-05-29 09:31:30.119] [warn]  getSettingsCb no callbacks left
[2024-05-29 09:31:30.119] [warn]  getSettingsCb no callbacks left
[2024-05-29 09:31:30.120] [warn]  getSettingsCb no callbacks left
[2024-05-29 09:31:30.120] [warn]  getSettingsCb no callbacks left
[2024-05-29 09:31:30.121] [warn]  getSettingsCb no callbacks left
[2024-05-29 09:31:30.122] [warn]  getSettingsCb no callbacks left
[2024-05-29 09:31:30.123] [warn]  getSettingsCb no callbacks left
[2024-05-29 09:31:30.124] [warn]  getSettingsCb no callbacks left
[2024-05-29 09:31:30.125] [warn]  getSettingsCb no callbacks left
[2024-05-29 09:31:30.126] [warn]  getSettingsCb no callbacks left
[2024-05-29 09:31:30.127] [warn]  getSettingsCb no callbacks left
[2024-05-29 09:31:30.127] [warn]  getSettingsCb no callbacks left
[2024-05-29 09:31:30.128] [warn]  getSettingsCb no callbacks left
[2024-05-29 09:31:30.129] [warn]  getSettingsCb no callbacks left
[2024-05-29 09:31:30.129] [warn]  getSettingsCb no callbacks left
[2024-05-29 09:31:30.130] [warn]  getSettingsCb no callbacks left
[2024-05-29 09:31:30.131] [warn]  getSettingsCb no callbacks left
[2024-05-29 09:31:30.131] [warn]  getSettingsCb no callbacks left
[2024-05-29 09:31:30.132] [warn]  getSettingsCb no callbacks left
[2024-05-29 09:31:30.133] [warn]  getSettingsCb no callbacks left
[2024-05-29 09:31:30.134] [warn]  getSettingsCb no callbacks left
[2024-05-29 09:31:30.134] [warn]  getSettingsCb no callbacks left
[2024-05-29 09:31:30.135] [warn]  getSettingsCb no callbacks left
[2024-05-29 09:31:30.136] [warn]  getSettingsCb no callbacks left
[2024-05-29 09:31:30.137] [warn]  getSettingsCb no callbacks left
[2024-05-29 09:31:30.137] [warn]  getSettingsCb no callbacks left
[2024-05-29 09:31:30.138] [warn]  getSettingsCb no callbacks left
[2024-05-29 09:31:30.138] [warn]  getSettingsCb no callbacks left
[2024-05-29 09:31:30.139] [warn]  getSettingsCb no callbacks left
[2024-05-29 09:31:30.139] [warn]  getSettingsCb no callbacks left
[2024-05-29 09:31:30.140] [warn]  getSettingsCb no callbacks left
[2024-05-29 09:31:30.140] [warn]  getSettingsCb no callbacks left
[2024-05-29 09:31:30.141] [warn]  getSettingsCb no callbacks left
[2024-05-29 09:31:30.141] [warn]  getSettingsCb no callbacks left
[2024-05-29 09:31:30.142] [warn]  getSettingsCb no callbacks left
[2024-05-29 09:31:30.142] [warn]  getSettingsCb no callbacks left
[2024-05-29 09:31:30.143] [warn]  getSettingsCb no callbacks left
[2024-05-29 09:31:30.144] [warn]  getSettingsCb no callbacks left
[2024-05-29 09:31:30.144] [warn]  getSettingsCb no callbacks left
[2024-05-29 09:31:30.145] [warn]  getSettingsCb no callbacks left
[2024-05-29 09:31:30.146] [warn]  getSettingsCb no callbacks left
[2024-05-29 09:31:30.146] [warn]  getSettingsCb no callbacks left
[2024-05-29 09:31:30.147] [warn]  getSettingsCb no callbacks left
[2024-05-29 09:31:30.147] [warn]  getSettingsCb no callbacks left
[2024-05-29 09:31:30.148] [warn]  getSettingsCb no callbacks left
[2024-05-29 09:35:05.004] [warn]  getSettingsCb no callbacks left
[2024-05-29 09:35:05.005] [warn]  getSettingsCb no callbacks left
[2024-05-29 09:35:05.006] [warn]  getSettingsCb no callbacks left
[2024-05-29 09:35:05.007] [warn]  getSettingsCb no callbacks left
[2024-05-29 09:35:05.007] [warn]  getSettingsCb no callbacks left
[2024-05-29 09:35:05.008] [warn]  getSettingsCb no callbacks left
[2024-05-29 09:35:05.009] [warn]  getSettingsCb no callbacks left
[2024-05-29 09:35:05.010] [warn]  getSettingsCb no callbacks left
[2024-05-29 09:35:05.011] [warn]  getSettingsCb no callbacks left
[2024-05-29 09:35:05.012] [warn]  getSettingsCb no callbacks left
[2024-05-29 09:35:05.012] [warn]  getSettingsCb no callbacks left
[2024-05-29 09:35:05.014] [warn]  getSettingsCb no callbacks left
[2024-05-29 09:35:05.014] [warn]  getSettingsCb no callbacks left
[2024-05-29 09:35:05.015] [warn]  getSettingsCb no callbacks left
[2024-05-29 09:35:05.016] [warn]  getSettingsCb no callbacks left
[2024-05-29 09:35:05.017] [warn]  getSettingsCb no callbacks left
[2024-05-29 09:35:05.018] [warn]  getSettingsCb no callbacks left
[2024-05-29 09:35:05.019] [warn]  getSettingsCb no callbacks left
[2024-05-29 09:35:05.019] [warn]  getSettingsCb no callbacks left
[2024-05-29 09:35:05.020] [warn]  getSettingsCb no callbacks left
[2024-05-29 09:35:05.021] [warn]  getSettingsCb no callbacks left
[2024-05-29 09:35:05.022] [warn]  getSettingsCb no callbacks left
[2024-05-29 09:35:05.023] [warn]  getSettingsCb no callbacks left
[2024-05-29 09:35:05.023] [warn]  getSettingsCb no callbacks left
[2024-05-29 09:35:05.024] [warn]  getSettingsCb no callbacks left
[2024-05-29 09:35:05.026] [warn]  getSettingsCb no callbacks left
[2024-05-29 09:35:05.027] [warn]  getSettingsCb no callbacks left
[2024-05-29 09:35:05.028] [warn]  getSettingsCb no callbacks left
[2024-05-29 09:35:05.028] [warn]  getSettingsCb no callbacks left
[2024-05-29 09:35:05.029] [warn]  getSettingsCb no callbacks left
[2024-05-29 09:35:05.030] [warn]  getSettingsCb no callbacks left
[2024-05-29 09:35:05.030] [warn]  getSettingsCb no callbacks left
[2024-05-29 09:35:05.032] [warn]  getSettingsCb no callbacks left
[2024-05-29 09:35:05.033] [warn]  getSettingsCb no callbacks left
[2024-05-29 09:35:05.034] [warn]  getSettingsCb no callbacks left
[2024-05-29 09:35:05.035] [warn]  getSettingsCb no callbacks left
[2024-05-29 09:35:05.035] [warn]  getSettingsCb no callbacks left
[2024-05-29 09:35:05.036] [warn]  getSettingsCb no callbacks left
[2024-05-29 09:35:05.037] [warn]  getSettingsCb no callbacks left
[2024-05-29 09:35:05.037] [warn]  getSettingsCb no callbacks left
[2024-05-29 09:35:05.038] [warn]  getSettingsCb no callbacks left
[2024-05-29 09:35:05.039] [warn]  getSettingsCb no callbacks left
[2024-05-29 09:35:05.039] [warn]  getSettingsCb no callbacks left
[2024-05-29 09:35:05.040] [warn]  getSettingsCb no callbacks left
[2024-05-29 09:35:05.041] [warn]  getSettingsCb no callbacks left
[2024-05-29 09:35:05.042] [warn]  getSettingsCb no callbacks left
[2024-05-29 09:35:05.044] [warn]  getSettingsCb no callbacks left
[2024-05-29 09:35:05.044] [warn]  getSettingsCb no callbacks left
[2024-05-29 09:35:05.045] [warn]  getSettingsCb no callbacks left
[2024-05-29 09:35:05.046] [warn]  getSettingsCb no callbacks left
[2024-05-29 09:35:05.046] [warn]  getSettingsCb no callbacks left
[2024-05-29 09:35:05.047] [warn]  getSettingsCb no callbacks left
[2024-05-29 09:35:05.048] [warn]  getSettingsCb no callbacks left
[2024-05-29 09:35:05.049] [warn]  getSettingsCb no callbacks left
[2024-05-29 09:35:05.049] [warn]  getSettingsCb no callbacks left
[2024-05-29 09:35:05.050] [warn]  getSettingsCb no callbacks left
[2024-05-29 09:35:05.051] [warn]  getSettingsCb no callbacks left
[2024-05-29 09:35:05.052] [warn]  getSettingsCb no callbacks left
[2024-05-29 09:35:05.052] [warn]  getSettingsCb no callbacks left
[2024-05-29 09:35:05.053] [warn]  getSettingsCb no callbacks left
[2024-05-29 09:35:05.054] [warn]  getSettingsCb no callbacks left
[2024-05-29 09:35:05.055] [warn]  getSettingsCb no callbacks left
[2024-05-29 09:35:05.057] [warn]  getSettingsCb no callbacks left
[2024-05-29 09:35:05.058] [warn]  getSettingsCb no callbacks left
[2024-05-29 09:35:05.059] [warn]  getSettingsCb no callbacks left
[2024-05-29 09:35:05.059] [warn]  getSettingsCb no callbacks left
[2024-05-29 09:35:05.060] [warn]  getSettingsCb no callbacks left
[2024-05-29 09:35:05.061] [warn]  getSettingsCb no callbacks left
[2024-05-29 09:35:05.062] [warn]  getSettingsCb no callbacks left
[2024-05-29 09:35:05.063] [warn]  getSettingsCb no callbacks left
[2024-05-29 09:35:05.065] [warn]  getSettingsCb no callbacks left
[2024-05-29 09:35:05.066] [warn]  getSettingsCb no callbacks left
[2024-05-29 09:35:05.067] [warn]  getSettingsCb no callbacks left
[2024-05-29 09:35:05.068] [warn]  getSettingsCb no callbacks left
[2024-05-29 09:35:05.069] [warn]  getSettingsCb no callbacks left
[2024-05-29 09:35:05.070] [warn]  getSettingsCb no callbacks left
[2024-05-29 09:35:05.071] [warn]  getSettingsCb no callbacks left
[2024-05-29 09:35:05.072] [warn]  getSettingsCb no callbacks left
[2024-05-29 09:35:05.073] [warn]  getSettingsCb no callbacks left
[2024-05-29 09:35:05.073] [warn]  getSettingsCb no callbacks left
[2024-05-29 09:35:05.074] [warn]  getSettingsCb no callbacks left
[2024-05-29 09:35:05.075] [warn]  getSettingsCb no callbacks left
[2024-05-29 09:35:05.076] [warn]  getSettingsCb no callbacks left
[2024-05-29 09:35:05.077] [warn]  getSettingsCb no callbacks left
[2024-05-29 09:35:05.078] [warn]  getSettingsCb no callbacks left
[2024-05-29 09:35:05.079] [warn]  getSettingsCb no callbacks left
[2024-05-29 09:35:05.080] [warn]  getSettingsCb no callbacks left
[2024-05-29 09:35:05.080] [warn]  getSettingsCb no callbacks left
[2024-05-29 09:35:05.081] [warn]  getSettingsCb no callbacks left
[2024-05-29 09:35:05.082] [warn]  getSettingsCb no callbacks left
[2024-05-29 09:35:05.083] [warn]  getSettingsCb no callbacks left
[2024-05-29 09:35:05.084] [warn]  getSettingsCb no callbacks left
[2024-05-29 09:35:05.085] [warn]  getSettingsCb no callbacks left
[2024-05-29 09:35:05.086] [warn]  getSettingsCb no callbacks left
[2024-05-29 09:35:05.086] [warn]  getSettingsCb no callbacks left
[2024-05-29 09:35:05.087] [warn]  getSettingsCb no callbacks left
[2024-05-29 09:35:05.088] [warn]  getSettingsCb no callbacks left
[2024-05-29 09:35:05.089] [warn]  getSettingsCb no callbacks left
[2024-05-29 09:35:05.090] [warn]  getSettingsCb no callbacks left
[2024-05-29 09:35:05.091] [warn]  getSettingsCb no callbacks left
[2024-05-29 09:35:05.092] [warn]  getSettingsCb no callbacks left
[2024-05-29 09:35:05.094] [warn]  getSettingsCb no callbacks left
[2024-05-29 09:35:05.094] [warn]  getSettingsCb no callbacks left
[2024-05-29 09:35:05.095] [warn]  getSettingsCb no callbacks left
[2024-05-29 09:35:05.095] [warn]  getSettingsCb no callbacks left
[2024-05-29 09:35:05.096] [warn]  getSettingsCb no callbacks left
[2024-05-29 09:35:05.097] [warn]  getSettingsCb no callbacks left
[2024-05-29 09:35:05.097] [warn]  getSettingsCb no callbacks left
[2024-05-29 09:35:05.098] [warn]  getSettingsCb no callbacks left
[2024-05-29 09:35:05.098] [warn]  getSettingsCb no callbacks left
[2024-05-29 09:35:05.099] [warn]  getSettingsCb no callbacks left
[2024-05-29 09:35:05.100] [warn]  getSettingsCb no callbacks left
[2024-05-29 09:35:05.101] [warn]  getSettingsCb no callbacks left
[2024-05-29 09:35:05.102] [warn]  getSettingsCb no callbacks left
[2024-05-29 09:35:05.103] [warn]  getSettingsCb no callbacks left
[2024-05-29 09:35:05.103] [warn]  getSettingsCb no callbacks left
[2024-05-29 09:35:05.104] [warn]  getSettingsCb no callbacks left
[2024-05-29 09:35:05.105] [warn]  getSettingsCb no callbacks left
[2024-05-29 09:35:05.106] [warn]  getSettingsCb no callbacks left
[2024-05-29 09:35:05.106] [warn]  getSettingsCb no callbacks left
[2024-05-29 09:35:05.107] [warn]  getSettingsCb no callbacks left
[2024-05-29 09:35:05.108] [warn]  getSettingsCb no callbacks left
[2024-05-29 09:35:05.108] [warn]  getSettingsCb no callbacks left
[2024-05-29 09:35:05.109] [warn]  getSettingsCb no callbacks left
[2024-05-29 09:35:05.110] [warn]  getSettingsCb no callbacks left
[2024-05-29 09:35:05.111] [warn]  getSettingsCb no callbacks left
[2024-05-29 09:35:05.111] [warn]  getSettingsCb no callbacks left
[2024-05-29 09:35:05.112] [warn]  getSettingsCb no callbacks left
[2024-05-29 09:35:05.113] [warn]  getSettingsCb no callbacks left
[2024-05-29 09:35:05.115] [warn]  getSettingsCb no callbacks left
[2024-05-29 09:35:05.116] [warn]  getSettingsCb no callbacks left
[2024-05-29 09:35:05.119] [warn]  getSettingsCb no callbacks left
[2024-05-29 09:35:05.120] [warn]  getSettingsCb no callbacks left
[2024-05-29 09:35:05.121] [warn]  getSettingsCb no callbacks left
[2024-05-29 09:35:05.122] [warn]  getSettingsCb no callbacks left
[2024-05-29 09:35:05.123] [warn]  getSettingsCb no callbacks left
[2024-05-29 09:35:05.123] [warn]  getSettingsCb no callbacks left
[2024-05-29 09:35:05.124] [warn]  getSettingsCb no callbacks left
[2024-05-29 09:35:05.125] [warn]  getSettingsCb no callbacks left
[2024-05-29 09:35:05.126] [warn]  getSettingsCb no callbacks left
[2024-05-29 09:35:05.128] [warn]  getSettingsCb no callbacks left
[2024-05-29 09:35:05.131] [warn]  getSettingsCb no callbacks left
[2024-05-29 09:35:05.133] [warn]  getSettingsCb no callbacks left
[2024-05-29 09:35:05.134] [warn]  getSettingsCb no callbacks left
[2024-05-29 09:35:05.135] [warn]  getSettingsCb no callbacks left
[2024-05-29 09:35:05.136] [warn]  getSettingsCb no callbacks left
[2024-05-29 09:35:05.139] [warn]  getSettingsCb no callbacks left
[2024-05-29 09:35:05.139] [warn]  getSettingsCb no callbacks left
[2024-05-29 09:35:05.140] [warn]  getSettingsCb no callbacks left
[2024-05-29 09:35:05.141] [warn]  getSettingsCb no callbacks left
[2024-05-29 09:35:05.141] [warn]  getSettingsCb no callbacks left
[2024-05-29 09:35:05.142] [warn]  getSettingsCb no callbacks left
[2024-05-29 09:35:05.145] [warn]  getSettingsCb no callbacks left
[2024-05-29 09:35:05.147] [warn]  getSettingsCb no callbacks left
[2024-05-29 09:35:05.148] [warn]  getSettingsCb no callbacks left
[2024-05-29 09:35:05.149] [warn]  getSettingsCb no callbacks left
[2024-05-29 09:35:05.150] [warn]  getSettingsCb no callbacks left
[2024-05-29 09:35:05.151] [warn]  getSettingsCb no callbacks left
[2024-05-29 09:35:05.152] [warn]  getSettingsCb no callbacks left
[2024-05-29 09:35:05.153] [warn]  getSettingsCb no callbacks left
[2024-05-29 09:35:05.154] [warn]  getSettingsCb no callbacks left
[2024-05-29 09:35:05.155] [warn]  getSettingsCb no callbacks left
[2024-05-29 09:35:05.156] [warn]  getSettingsCb no callbacks left
[2024-05-29 09:35:05.157] [warn]  getSettingsCb no callbacks left
[2024-05-29 09:35:05.158] [warn]  getSettingsCb no callbacks left
[2024-05-29 09:35:05.159] [warn]  getSettingsCb no callbacks left
[2024-05-29 09:35:05.160] [warn]  getSettingsCb no callbacks left
[2024-05-29 09:35:43.252] [warn]  getSettingsCb no callbacks left
[2024-05-29 09:38:08.884] [info]  close, isQuiting: undefined
[2024-05-29 09:38:08.912] [info]  close, isQuiting: undefined
[2024-05-29 09:38:08.951] [info]  close, isQuiting: undefined
[2024-05-29 09:38:08.952] [info]  close, isQuiting: undefined
[2024-05-29 09:38:08.956] [info]  close, isQuiting: undefined
[2024-05-29 09:38:08.958] [info]  close, isQuiting: undefined
[2024-05-29 09:38:08.960] [info]  close, isQuiting: undefined
[2024-05-29 09:38:08.961] [info]  close, isQuiting: undefined
[2024-05-29 09:38:08.962] [info]  close, isQuiting: undefined
[2024-05-29 09:38:08.963] [info]  close, isQuiting: undefined
[2024-05-29 09:38:08.964] [info]  close, isQuiting: undefined
[2024-05-29 09:38:08.965] [info]  close, isQuiting: undefined
[2024-05-29 09:38:08.971] [info]  close, isQuiting: true
[2024-05-29 09:38:09.043] [info]  Actions to wait for  [ 'FINISH_DAY_BEFORE_CLOSE_EFFECT' ]
[2024-05-29 09:38:09.044] [info]  Actions to wait for  [ 'FINISH_DAY_BEFORE_CLOSE_EFFECT' ]
[2024-05-29 09:38:09.045] [info]  Actions to wait for  [ 'FINISH_DAY_BEFORE_CLOSE_EFFECT' ]
[2024-05-29 09:38:09.046] [info]  Actions to wait for  [ 'FINISH_DAY_BEFORE_CLOSE_EFFECT' ]
[2024-05-29 09:38:09.046] [info]  Actions to wait for  [ 'FINISH_DAY_BEFORE_CLOSE_EFFECT' ]
[2024-05-29 09:38:09.047] [info]  Actions to wait for  [ 'FINISH_DAY_BEFORE_CLOSE_EFFECT' ]
[2024-05-29 09:38:09.047] [info]  Actions to wait for  [ 'FINISH_DAY_BEFORE_CLOSE_EFFECT' ]
[2024-05-29 09:38:09.048] [info]  Actions to wait for  [ 'FINISH_DAY_BEFORE_CLOSE_EFFECT' ]
[2024-05-29 09:38:09.048] [info]  Actions to wait for  [ 'FINISH_DAY_BEFORE_CLOSE_EFFECT' ]
[2024-05-29 09:38:09.049] [info]  Actions to wait for  [ 'FINISH_DAY_BEFORE_CLOSE_EFFECT' ]
[2024-05-29 09:38:09.049] [info]  Actions to wait for  [ 'FINISH_DAY_BEFORE_CLOSE_EFFECT' ]
[2024-05-29 09:38:09.050] [info]  Actions to wait for  [ 'FINISH_DAY_BEFORE_CLOSE_EFFECT' ]
[2024-05-29 09:38:09.058] [warn]  getSettingsCb no callbacks left
[2024-05-29 09:38:09.058] [warn]  getSettingsCb no callbacks left
[2024-05-30 14:48:11.789] [info]  { enabled: null, showDevTools: false, mode: 'bottom' }
[2024-05-30 14:48:11.959] [info]  Saving backups to /home/marc/.config/superProductivity/backups
[2024-05-30 14:48:13.244] [info]  No custom styles detected at /home/marc/.config/superProductivity/styles.css
[2024-05-30 15:24:25.274] [info]  close, isQuiting: undefined
[2024-05-30 15:24:25.285] [info]  Actions to wait for  [ 'FINISH_DAY_BEFORE_CLOSE_EFFECT' ]
[2024-05-30 15:24:25.293] [info]  BEFORE_CLOSE_DONE FINISH_DAY_BEFORE_CLOSE_EFFECT []
[2024-05-30 15:24:25.295] [info]  close, isQuiting: undefined
[2024-05-30 15:24:25.300] [info]  close, isQuiting: true
[2024-05-30 15:24:25.312] [info]  Quit after all windows being closed
[2024-07-01 21:47:18.761] [info]  { enabled: null, showDevTools: false, mode: 'bottom' }
[2024-07-01 21:47:19.030] [info]  Saving backups to /home/marc/.config/superProductivity/backups
[2024-07-01 21:47:21.132] [info]  No custom styles detected at /home/marc/.config/superProductivity/styles.css
[2024-07-01 21:50:14.768] [info]  close, isQuiting: undefined
[2024-07-01 21:50:14.774] [info]  Actions to wait for  [ 'FINISH_DAY_BEFORE_CLOSE_EFFECT' ]
[2024-07-01 21:50:14.777] [info]  BEFORE_CLOSE_DONE FINISH_DAY_BEFORE_CLOSE_EFFECT []
[2024-07-01 21:50:14.778] [info]  close, isQuiting: undefined
[2024-07-01 21:50:14.781] [info]  close, isQuiting: true
[2024-07-01 21:50:14.788] [info]  Quit after all windows being closed
[2024-08-24 04:26:24.685] [info]  { enabled: null, showDevTools: false, mode: 'bottom' }
[2024-08-24 04:26:25.430] [info]  Saving backups to /home/marc/.config/superProductivity/backups
[2024-08-24 04:26:27.196] [info]  No custom styles detected at /home/marc/.config/superProductivity/styles.css
[2024-08-30 23:45:28.253] [info]  { enabled: null, showDevTools: false, mode: 'bottom' }
[2024-08-30 23:45:28.705] [info]  Saving backups to /home/marc/.config/superProductivity/backups
[2024-08-30 23:45:29.744] [info]  No custom styles detected at /home/marc/.config/superProductivity/styles.css
[2024-08-31 09:09:15.740] [info]  { enabled: null, showDevTools: false, mode: 'bottom' }
[2024-08-31 09:09:16.618] [info]  Saving backups to /home/marc/.config/superProductivity/backups
[2024-08-31 09:09:18.267] [info]  No custom styles detected at /home/marc/.config/superProductivity/styles.css
[2024-08-31 09:09:20.395] [info]  close, isQuiting: undefined
[2024-08-31 09:09:20.399] [info]  Actions to wait for  [ 'FINISH_DAY_BEFORE_CLOSE_EFFECT' ]
[2024-08-31 09:09:20.404] [info]  BEFORE_CLOSE_DONE FINISH_DAY_BEFORE_CLOSE_EFFECT []
[2024-08-31 09:09:20.406] [info]  close, isQuiting: undefined
[2024-08-31 09:09:20.408] [info]  close, isQuiting: true
[2024-08-31 09:09:20.414] [info]  Quit after all windows being closed
[2024-09-02 00:38:35.052] [info]  { enabled: null, showDevTools: false, mode: 'bottom' }
[2024-09-02 00:38:35.315] [info]  Saving backups to /home/marc/.config/superProductivity/backups
[2024-09-02 00:38:36.706] [info]  No custom styles detected at /home/marc/.config/superProductivity/styles.css
[2024-09-02 07:29:49.761] [info]  { enabled: null, showDevTools: false, mode: 'bottom' }
[2024-09-02 07:29:50.050] [info]  Saving backups to /home/marc/.config/superProductivity/backups
[2024-09-02 07:29:51.993] [info]  No custom styles detected at /home/marc/.config/superProductivity/styles.css
[2024-09-02 23:02:47.146] [info]  { enabled: null, showDevTools: false, mode: 'bottom' }
[2024-09-02 23:02:48.622] [info]  Saving backups to /home/marc/.config/superProductivity/backups
[2024-09-02 23:02:50.140] [info]  No custom styles detected at /home/marc/.config/superProductivity/styles.css
[2024-09-02 23:44:30.113] [info]  close, isQuiting: undefined
[2024-09-02 23:44:30.142] [info]  Actions to wait for  [ 'FINISH_DAY_BEFORE_CLOSE_EFFECT' ]
[2024-09-02 23:44:30.153] [info]  BEFORE_CLOSE_DONE FINISH_DAY_BEFORE_CLOSE_EFFECT []
[2024-09-02 23:44:30.155] [info]  close, isQuiting: undefined
[2024-09-02 23:44:30.160] [info]  close, isQuiting: true
[2024-09-02 23:44:30.187] [info]  Quit after all windows being closed
[2024-09-10 07:16:19.491] [info]  { enabled: null, showDevTools: false, mode: 'bottom' }
[2024-09-10 07:16:20.067] [info]  Saving backups to /home/marc/.config/superProductivity/backups
[2024-09-10 07:16:22.008] [info]  No custom styles detected at /home/marc/.config/superProductivity/styles.css
[2024-09-10 09:07:45.239] [warn]  getSettingsCb no callbacks left
[2024-09-10 09:07:45.830] [warn]  getSettingsCb no callbacks left
[2024-09-10 09:09:49.857] [warn]  getSettingsCb no callbacks left
[2024-09-10 09:09:49.868] [warn]  getSettingsCb no callbacks left
[2024-09-10 09:09:49.874] [warn]  getSettingsCb no callbacks left
[2024-09-10 09:09:49.879] [warn]  getSettingsCb no callbacks left
[2024-09-10 09:09:49.881] [warn]  getSettingsCb no callbacks left
[2024-09-11 10:33:25.640] [warn]  getSettingsCb no callbacks left
[2024-09-11 10:56:25.970] [warn]  getSettingsCb no callbacks left
[2024-09-11 10:57:25.243] [warn]  getSettingsCb no callbacks left
[2024-09-11 10:57:31.746] [warn]  getSettingsCb no callbacks left
[2024-09-11 10:57:31.747] [warn]  getSettingsCb no callbacks left
[2024-09-11 10:57:37.326] [warn]  getSettingsCb no callbacks left
[2024-09-11 10:57:37.329] [warn]  getSettingsCb no callbacks left
[2024-09-11 10:57:37.332] [warn]  getSettingsCb no callbacks left
[2024-09-11 10:57:37.335] [warn]  getSettingsCb no callbacks left
[2024-09-11 10:57:38.089] [warn]  getSettingsCb no callbacks left
[2024-09-11 10:57:38.106] [warn]  getSettingsCb no callbacks left
[2024-09-11 10:58:18.115] [info]  close, isQuiting: undefined
[2024-09-11 10:58:18.676] [info]  Actions to wait for  [ 'FINISH_DAY_BEFORE_CLOSE_EFFECT' ]
[2024-09-11 10:58:18.696] [warn]  getSettingsCb no callbacks left
[2024-09-11 10:58:18.697] [warn]  getSettingsCb no callbacks left
[2024-09-11 10:58:18.721] [warn]  getSettingsCb no callbacks left
[2024-09-11 10:58:26.616] [info]  BEFORE_CLOSE_DONE FINISH_DAY_BEFORE_CLOSE_EFFECT []
[2024-09-11 10:58:26.654] [info]  close, isQuiting: undefined
[2024-09-11 10:58:26.921] [info]  close, isQuiting: true
[2024-09-11 10:58:26.985] [warn]  getSettingsCb no callbacks left
[2024-09-11 10:58:27.845] [info]  Quit after all windows being closed
[2024-09-11 10:58:28.303] [info]  Quit after process exit
[2024-09-11 11:56:01.009] [info]  { enabled: null, showDevTools: false, mode: 'bottom' }
[2024-09-11 11:56:01.332] [info]  Saving backups to /home/marc/.config/superProductivity/backups
[2024-09-11 11:56:03.777] [info]  No custom styles detected at /home/marc/.config/superProductivity/styles.css
[2024-09-11 14:23:44.323] [info]  { enabled: null, showDevTools: false, mode: 'bottom' }
[2024-09-11 14:23:45.072] [info]  Saving backups to /home/marc/.config/superProductivity/backups
[2024-09-11 14:23:46.722] [info]  No custom styles detected at /home/marc/.config/superProductivity/styles.css
[2024-09-11 15:28:33.863] [info]  close, isQuiting: undefined
[2024-09-11 15:28:33.980] [info]  Actions to wait for  [ 'FINISH_DAY_BEFORE_CLOSE_EFFECT' ]
[2024-09-11 15:28:35.843] [info]  BEFORE_CLOSE_DONE FINISH_DAY_BEFORE_CLOSE_EFFECT []
[2024-09-11 15:28:35.847] [info]  close, isQuiting: undefined
[2024-09-11 15:28:35.879] [info]  close, isQuiting: true
[2024-09-11 15:28:35.980] [info]  Quit after all windows being closed
